

Started GET "/Cars" for ::1 at 2016-02-19 16:24:19 -0800

ActionController::RoutingError (No route matches [GET] "/Cars"):
  actionpack (4.2.5.1) lib/action_dispatch/middleware/debug_exceptions.rb:21:in `call'
  web-console (2.3.0) lib/web_console/middleware.rb:28:in `block in call'
  web-console (2.3.0) lib/web_console/middleware.rb:18:in `catch'
  web-console (2.3.0) lib/web_console/middleware.rb:18:in `call'
  actionpack (4.2.5.1) lib/action_dispatch/middleware/show_exceptions.rb:30:in `call'
  railties (4.2.5.1) lib/rails/rack/logger.rb:38:in `call_app'
  railties (4.2.5.1) lib/rails/rack/logger.rb:20:in `block in call'
  activesupport (4.2.5.1) lib/active_support/tagged_logging.rb:68:in `block in tagged'
  activesupport (4.2.5.1) lib/active_support/tagged_logging.rb:26:in `tagged'
  activesupport (4.2.5.1) lib/active_support/tagged_logging.rb:68:in `tagged'
  railties (4.2.5.1) lib/rails/rack/logger.rb:20:in `call'
  actionpack (4.2.5.1) lib/action_dispatch/middleware/request_id.rb:21:in `call'
  rack (1.6.4) lib/rack/methodoverride.rb:22:in `call'
  rack (1.6.4) lib/rack/runtime.rb:18:in `call'
  activesupport (4.2.5.1) lib/active_support/cache/strategy/local_cache_middleware.rb:28:in `call'
  rack (1.6.4) lib/rack/lock.rb:17:in `call'
  actionpack (4.2.5.1) lib/action_dispatch/middleware/static.rb:116:in `call'
  rack (1.6.4) lib/rack/sendfile.rb:113:in `call'
  railties (4.2.5.1) lib/rails/engine.rb:518:in `call'
  railties (4.2.5.1) lib/rails/application.rb:165:in `call'
  rack (1.6.4) lib/rack/lock.rb:17:in `call'
  rack (1.6.4) lib/rack/content_length.rb:15:in `call'
  rack (1.6.4) lib/rack/handler/webrick.rb:88:in `service'
  /Users/learn/.rvm/rubies/ruby-2.2.1/lib/ruby/2.2.0/webrick/httpserver.rb:138:in `service'
  /Users/learn/.rvm/rubies/ruby-2.2.1/lib/ruby/2.2.0/webrick/httpserver.rb:94:in `run'
  /Users/learn/.rvm/rubies/ruby-2.2.1/lib/ruby/2.2.0/webrick/server.rb:294:in `block in start_thread'


  Rendered /Users/learn/.rvm/gems/ruby-2.2.1/gems/actionpack-4.2.5.1/lib/action_dispatch/middleware/templates/rescues/_trace.html.erb (2.7ms)
  Rendered /Users/learn/.rvm/gems/ruby-2.2.1/gems/actionpack-4.2.5.1/lib/action_dispatch/middleware/templates/routes/_route.html.erb (3.3ms)
  Rendered /Users/learn/.rvm/gems/ruby-2.2.1/gems/actionpack-4.2.5.1/lib/action_dispatch/middleware/templates/routes/_table.html.erb (23.5ms)
  Rendered /Users/learn/.rvm/gems/ruby-2.2.1/gems/actionpack-4.2.5.1/lib/action_dispatch/middleware/templates/rescues/_request_and_response.html.erb (10.6ms)
  Rendered /Users/learn/.rvm/gems/ruby-2.2.1/gems/actionpack-4.2.5.1/lib/action_dispatch/middleware/templates/rescues/routing_error.html.erb within rescues/layout (132.9ms)
  Rendered /Users/learn/.rvm/gems/ruby-2.2.1/gems/web-console-2.3.0/lib/web_console/templates/_markup.html.erb (1.8ms)
  Rendered /Users/learn/.rvm/gems/ruby-2.2.1/gems/web-console-2.3.0/lib/web_console/templates/_inner_console_markup.html.erb within layouts/inlined_string (0.3ms)
  Rendered /Users/learn/.rvm/gems/ruby-2.2.1/gems/web-console-2.3.0/lib/web_console/templates/_prompt_box_markup.html.erb within layouts/inlined_string (0.7ms)
  Rendered /Users/learn/.rvm/gems/ruby-2.2.1/gems/web-console-2.3.0/lib/web_console/templates/style.css.erb within layouts/inlined_string (0.8ms)
  Rendered /Users/learn/.rvm/gems/ruby-2.2.1/gems/web-console-2.3.0/lib/web_console/templates/console.js.erb within layouts/javascript (112.1ms)
  Rendered /Users/learn/.rvm/gems/ruby-2.2.1/gems/web-console-2.3.0/lib/web_console/templates/main.js.erb within layouts/javascript (2.2ms)
  Rendered /Users/learn/.rvm/gems/ruby-2.2.1/gems/web-console-2.3.0/lib/web_console/templates/error_page.js.erb within layouts/javascript (0.9ms)
  Rendered /Users/learn/.rvm/gems/ruby-2.2.1/gems/web-console-2.3.0/lib/web_console/templates/index.html.erb (202.8ms)


Started GET "/Car" for ::1 at 2016-02-19 16:24:25 -0800

ActionController::RoutingError (No route matches [GET] "/Car"):
  actionpack (4.2.5.1) lib/action_dispatch/middleware/debug_exceptions.rb:21:in `call'
  web-console (2.3.0) lib/web_console/middleware.rb:28:in `block in call'
  web-console (2.3.0) lib/web_console/middleware.rb:18:in `catch'
  web-console (2.3.0) lib/web_console/middleware.rb:18:in `call'
  actionpack (4.2.5.1) lib/action_dispatch/middleware/show_exceptions.rb:30:in `call'
  railties (4.2.5.1) lib/rails/rack/logger.rb:38:in `call_app'
  railties (4.2.5.1) lib/rails/rack/logger.rb:20:in `block in call'
  activesupport (4.2.5.1) lib/active_support/tagged_logging.rb:68:in `block in tagged'
  activesupport (4.2.5.1) lib/active_support/tagged_logging.rb:26:in `tagged'
  activesupport (4.2.5.1) lib/active_support/tagged_logging.rb:68:in `tagged'
  railties (4.2.5.1) lib/rails/rack/logger.rb:20:in `call'
  actionpack (4.2.5.1) lib/action_dispatch/middleware/request_id.rb:21:in `call'
  rack (1.6.4) lib/rack/methodoverride.rb:22:in `call'
  rack (1.6.4) lib/rack/runtime.rb:18:in `call'
  activesupport (4.2.5.1) lib/active_support/cache/strategy/local_cache_middleware.rb:28:in `call'
  rack (1.6.4) lib/rack/lock.rb:17:in `call'
  actionpack (4.2.5.1) lib/action_dispatch/middleware/static.rb:116:in `call'
  rack (1.6.4) lib/rack/sendfile.rb:113:in `call'
  railties (4.2.5.1) lib/rails/engine.rb:518:in `call'
  railties (4.2.5.1) lib/rails/application.rb:165:in `call'
  rack (1.6.4) lib/rack/lock.rb:17:in `call'
  rack (1.6.4) lib/rack/content_length.rb:15:in `call'
  rack (1.6.4) lib/rack/handler/webrick.rb:88:in `service'
  /Users/learn/.rvm/rubies/ruby-2.2.1/lib/ruby/2.2.0/webrick/httpserver.rb:138:in `service'
  /Users/learn/.rvm/rubies/ruby-2.2.1/lib/ruby/2.2.0/webrick/httpserver.rb:94:in `run'
  /Users/learn/.rvm/rubies/ruby-2.2.1/lib/ruby/2.2.0/webrick/server.rb:294:in `block in start_thread'


  Rendered /Users/learn/.rvm/gems/ruby-2.2.1/gems/actionpack-4.2.5.1/lib/action_dispatch/middleware/templates/rescues/_trace.html.erb (1.8ms)
  Rendered /Users/learn/.rvm/gems/ruby-2.2.1/gems/actionpack-4.2.5.1/lib/action_dispatch/middleware/templates/routes/_route.html.erb (1.4ms)
  Rendered /Users/learn/.rvm/gems/ruby-2.2.1/gems/actionpack-4.2.5.1/lib/action_dispatch/middleware/templates/routes/_table.html.erb (3.1ms)
  Rendered /Users/learn/.rvm/gems/ruby-2.2.1/gems/actionpack-4.2.5.1/lib/action_dispatch/middleware/templates/rescues/_request_and_response.html.erb (2.4ms)
  Rendered /Users/learn/.rvm/gems/ruby-2.2.1/gems/actionpack-4.2.5.1/lib/action_dispatch/middleware/templates/rescues/routing_error.html.erb within rescues/layout (103.1ms)
  Rendered /Users/learn/.rvm/gems/ruby-2.2.1/gems/web-console-2.3.0/lib/web_console/templates/_markup.html.erb (1.5ms)
  Rendered /Users/learn/.rvm/gems/ruby-2.2.1/gems/web-console-2.3.0/lib/web_console/templates/_inner_console_markup.html.erb within layouts/inlined_string (1.2ms)
  Rendered /Users/learn/.rvm/gems/ruby-2.2.1/gems/web-console-2.3.0/lib/web_console/templates/_prompt_box_markup.html.erb within layouts/inlined_string (3.1ms)
  Rendered /Users/learn/.rvm/gems/ruby-2.2.1/gems/web-console-2.3.0/lib/web_console/templates/style.css.erb within layouts/inlined_string (0.8ms)
  Rendered /Users/learn/.rvm/gems/ruby-2.2.1/gems/web-console-2.3.0/lib/web_console/templates/console.js.erb within layouts/javascript (79.5ms)
  Rendered /Users/learn/.rvm/gems/ruby-2.2.1/gems/web-console-2.3.0/lib/web_console/templates/main.js.erb within layouts/javascript (0.3ms)
  Rendered /Users/learn/.rvm/gems/ruby-2.2.1/gems/web-console-2.3.0/lib/web_console/templates/error_page.js.erb within layouts/javascript (0.3ms)
  Rendered /Users/learn/.rvm/gems/ruby-2.2.1/gems/web-console-2.3.0/lib/web_console/templates/index.html.erb (175.6ms)


Started GET "/cars/new_car" for ::1 at 2016-02-19 16:24:46 -0800
Processing by CarsController#new_car as HTML
  Rendered cars/new_car.html.erb within layouts/application (0.7ms)
Completed 200 OK in 453ms (Views: 452.5ms | ActiveRecord: 0.0ms)


Started GET "/assets/cars.self-877aef30ae1b040ab8a3aba4e3e309a11d7f2612f44dde450b5c157aa5f95c05.js?body=1" for ::1 at 2016-02-19 16:24:47 -0800


Started GET "/assets/cars.self-e3b0c44298fc1c149afbf4c8996fb92427ae41e4649b934ca495991b7852b855.css?body=1" for ::1 at 2016-02-19 16:24:47 -0800


Started GET "/cars/new_car?make=Ferrari&model_year=1968&color=%23f9f011&desc=This+car+is+badass%21" for ::1 at 2016-02-19 16:25:38 -0800
Processing by CarsController#new_car as HTML
  Parameters: {"make"=>"Ferrari", "model_year"=>"1968", "color"=>"#f9f011", "desc"=>"This car is badass!"}
Redirected to http://localhost:3000/simulator/do
Completed 302 Found in 2ms (ActiveRecord: 0.0ms)


Started GET "/simulator/do" for ::1 at 2016-02-19 16:25:38 -0800
Processing by SimulatorController#do as HTML
  Rendered simulator/do.html.erb within layouts/application (0.5ms)
Completed 200 OK in 18ms (Views: 17.7ms | ActiveRecord: 0.0ms)


Started GET "/simulator/toggle" for ::1 at 2016-02-19 16:25:57 -0800
Processing by SimulatorController#toggle as HTML
Redirected to http://localhost:3000/simulator/do
Completed 302 Found in 2ms (ActiveRecord: 0.0ms)


Started GET "/simulator/do" for ::1 at 2016-02-19 16:25:57 -0800
Processing by SimulatorController#do as HTML
  Rendered simulator/do.html.erb within layouts/application (0.1ms)
Completed 200 OK in 29ms (Views: 28.5ms | ActiveRecord: 0.0ms)


Started GET "/simulator/accelerate" for ::1 at 2016-02-19 16:25:59 -0800
Processing by SimulatorController#accelerate as HTML
Redirected to http://localhost:3000/simulator/do
Completed 302 Found in 1ms (ActiveRecord: 0.0ms)


Started GET "/simulator/do" for ::1 at 2016-02-19 16:25:59 -0800
Processing by SimulatorController#do as HTML
  Rendered simulator/do.html.erb within layouts/application (0.1ms)
Completed 200 OK in 45ms (Views: 43.6ms | ActiveRecord: 0.0ms)


Started GET "/simulator/accelerate" for ::1 at 2016-02-19 16:26:00 -0800
Processing by SimulatorController#accelerate as HTML
Redirected to http://localhost:3000/simulator/do
Completed 302 Found in 5ms (ActiveRecord: 0.0ms)


Started GET "/simulator/do" for ::1 at 2016-02-19 16:26:00 -0800
Processing by SimulatorController#do as HTML
  Rendered simulator/do.html.erb within layouts/application (0.1ms)
Completed 200 OK in 47ms (Views: 45.6ms | ActiveRecord: 0.0ms)


Started GET "/simulator/accelerate" for ::1 at 2016-02-19 16:26:01 -0800
Processing by SimulatorController#accelerate as HTML
Redirected to http://localhost:3000/simulator/do
Completed 302 Found in 2ms (ActiveRecord: 0.0ms)


Started GET "/simulator/do" for ::1 at 2016-02-19 16:26:01 -0800
Processing by SimulatorController#do as HTML
  Rendered simulator/do.html.erb within layouts/application (0.1ms)
Completed 200 OK in 43ms (Views: 40.6ms | ActiveRecord: 0.0ms)


Started GET "/simulator/accelerate" for ::1 at 2016-02-19 16:26:01 -0800
Processing by SimulatorController#accelerate as HTML
Redirected to http://localhost:3000/simulator/do
Completed 302 Found in 1ms (ActiveRecord: 0.0ms)


Started GET "/simulator/do" for ::1 at 2016-02-19 16:26:01 -0800
Processing by SimulatorController#do as HTML
  Rendered simulator/do.html.erb within layouts/application (0.1ms)
Completed 200 OK in 34ms (Views: 33.0ms | ActiveRecord: 0.0ms)


Started GET "/simulator/accelerate" for ::1 at 2016-02-19 16:26:02 -0800
Processing by SimulatorController#accelerate as HTML
Redirected to http://localhost:3000/simulator/do
Completed 302 Found in 1ms (ActiveRecord: 0.0ms)


Started GET "/simulator/do" for ::1 at 2016-02-19 16:26:02 -0800
Processing by SimulatorController#do as HTML
  Rendered simulator/do.html.erb within layouts/application (0.3ms)
Completed 200 OK in 41ms (Views: 40.1ms | ActiveRecord: 0.0ms)


Started GET "/simulator/brake" for ::1 at 2016-02-19 16:26:03 -0800
Processing by SimulatorController#brake as HTML
Redirected to http://localhost:3000/simulator/do
Completed 302 Found in 1ms (ActiveRecord: 0.0ms)


Started GET "/simulator/do" for ::1 at 2016-02-19 16:26:03 -0800
Processing by SimulatorController#do as HTML
  Rendered simulator/do.html.erb within layouts/application (0.2ms)
Completed 200 OK in 43ms (Views: 42.5ms | ActiveRecord: 0.0ms)


Started GET "/simulator/brake" for ::1 at 2016-02-19 16:26:04 -0800
Processing by SimulatorController#brake as HTML
Redirected to http://localhost:3000/simulator/do
Completed 302 Found in 1ms (ActiveRecord: 0.0ms)


Started GET "/simulator/do" for ::1 at 2016-02-19 16:26:04 -0800
Processing by SimulatorController#do as HTML
  Rendered simulator/do.html.erb within layouts/application (0.2ms)
Completed 200 OK in 36ms (Views: 34.9ms | ActiveRecord: 0.0ms)


Started GET "/simulator/accelerate" for ::1 at 2016-02-19 16:26:05 -0800
Processing by SimulatorController#accelerate as HTML
Redirected to http://localhost:3000/simulator/do
Completed 302 Found in 3ms (ActiveRecord: 0.0ms)


Started GET "/simulator/do" for ::1 at 2016-02-19 16:26:05 -0800
Processing by SimulatorController#do as HTML
  Rendered simulator/do.html.erb within layouts/application (0.2ms)
Completed 200 OK in 83ms (Views: 82.0ms | ActiveRecord: 0.0ms)


Started GET "/simulator/brake" for ::1 at 2016-02-19 16:26:06 -0800
Processing by SimulatorController#brake as HTML
Redirected to http://localhost:3000/simulator/do
Completed 302 Found in 3ms (ActiveRecord: 0.0ms)


Started GET "/simulator/do" for ::1 at 2016-02-19 16:26:06 -0800
Processing by SimulatorController#do as HTML
  Rendered simulator/do.html.erb within layouts/application (0.1ms)
Completed 200 OK in 58ms (Views: 56.7ms | ActiveRecord: 0.0ms)


Started GET "/simulator/brake" for ::1 at 2016-02-19 16:26:07 -0800
Processing by SimulatorController#brake as HTML
Redirected to http://localhost:3000/simulator/do
Completed 302 Found in 1ms (ActiveRecord: 0.0ms)


Started GET "/simulator/do" for ::1 at 2016-02-19 16:26:07 -0800
Processing by SimulatorController#do as HTML
  Rendered simulator/do.html.erb within layouts/application (0.1ms)
Completed 200 OK in 35ms (Views: 34.0ms | ActiveRecord: 0.0ms)


Started GET "/simulator/brake" for ::1 at 2016-02-19 16:26:07 -0800
Processing by SimulatorController#brake as HTML
Redirected to http://localhost:3000/simulator/do
Completed 302 Found in 1ms (ActiveRecord: 0.0ms)


Started GET "/simulator/do" for ::1 at 2016-02-19 16:26:07 -0800
Processing by SimulatorController#do as HTML
  Rendered simulator/do.html.erb within layouts/application (0.2ms)
Completed 200 OK in 48ms (Views: 46.5ms | ActiveRecord: 0.0ms)


Started GET "/simulator/brake" for ::1 at 2016-02-19 16:26:08 -0800
Processing by SimulatorController#brake as HTML
Redirected to http://localhost:3000/simulator/do
Completed 302 Found in 1ms (ActiveRecord: 0.0ms)


Started GET "/simulator/do" for ::1 at 2016-02-19 16:26:08 -0800
Processing by SimulatorController#do as HTML
  Rendered simulator/do.html.erb within layouts/application (0.4ms)
Completed 200 OK in 46ms (Views: 44.6ms | ActiveRecord: 0.0ms)


Started GET "/simulator/brake" for ::1 at 2016-02-19 16:26:08 -0800
Processing by SimulatorController#brake as HTML
Redirected to http://localhost:3000/simulator/do
Completed 302 Found in 1ms (ActiveRecord: 0.0ms)


Started GET "/simulator/do" for ::1 at 2016-02-19 16:26:08 -0800
Processing by SimulatorController#do as HTML
  Rendered simulator/do.html.erb within layouts/application (0.5ms)
Completed 200 OK in 38ms (Views: 36.6ms | ActiveRecord: 0.0ms)


Started GET "/simulator/brake" for ::1 at 2016-02-19 16:26:09 -0800
Processing by SimulatorController#brake as HTML
Redirected to http://localhost:3000/simulator/do
Completed 302 Found in 1ms (ActiveRecord: 0.0ms)


Started GET "/simulator/do" for ::1 at 2016-02-19 16:26:09 -0800
Processing by SimulatorController#do as HTML
  Rendered simulator/do.html.erb within layouts/application (0.1ms)
Completed 200 OK in 26ms (Views: 24.6ms | ActiveRecord: 0.0ms)


Started GET "/simulator/parking_brake" for ::1 at 2016-02-19 16:26:10 -0800
Processing by SimulatorController#parking_brake as HTML
Redirected to http://localhost:3000/simulator/do
Completed 302 Found in 2ms (ActiveRecord: 0.0ms)


Started GET "/simulator/do" for ::1 at 2016-02-19 16:26:10 -0800
Processing by SimulatorController#do as HTML
  Rendered simulator/do.html.erb within layouts/application (0.2ms)
Completed 200 OK in 42ms (Views: 40.9ms | ActiveRecord: 0.0ms)


Started GET "/simulator/parking_brake" for ::1 at 2016-02-19 16:26:12 -0800
Processing by SimulatorController#parking_brake as HTML
Redirected to http://localhost:3000/simulator/do
Completed 302 Found in 1ms (ActiveRecord: 0.0ms)


Started GET "/simulator/do" for ::1 at 2016-02-19 16:26:12 -0800
Processing by SimulatorController#do as HTML
  Rendered simulator/do.html.erb within layouts/application (0.1ms)
Completed 200 OK in 42ms (Views: 40.9ms | ActiveRecord: 0.0ms)


Started GET "/simulator/parking_brake" for ::1 at 2016-02-19 16:26:13 -0800
Processing by SimulatorController#parking_brake as HTML
Redirected to http://localhost:3000/simulator/do
Completed 302 Found in 1ms (ActiveRecord: 0.0ms)


Started GET "/simulator/do" for ::1 at 2016-02-19 16:26:13 -0800
Processing by SimulatorController#do as HTML
  Rendered simulator/do.html.erb within layouts/application (0.1ms)
Completed 200 OK in 22ms (Views: 21.3ms | ActiveRecord: 0.0ms)


Started GET "/simulator/accelerate" for ::1 at 2016-02-19 16:26:14 -0800
Processing by SimulatorController#accelerate as HTML
Redirected to http://localhost:3000/simulator/do
Completed 302 Found in 1ms (ActiveRecord: 0.0ms)


Started GET "/simulator/do" for ::1 at 2016-02-19 16:26:14 -0800
Processing by SimulatorController#do as HTML
  Rendered simulator/do.html.erb within layouts/application (0.2ms)
Completed 200 OK in 43ms (Views: 41.4ms | ActiveRecord: 0.0ms)


Started GET "/simulator/parking_brake" for ::1 at 2016-02-19 16:26:15 -0800
Processing by SimulatorController#parking_brake as HTML
Redirected to http://localhost:3000/simulator/do
Completed 302 Found in 2ms (ActiveRecord: 0.0ms)


Started GET "/simulator/do" for ::1 at 2016-02-19 16:26:15 -0800
Processing by SimulatorController#do as HTML
  Rendered simulator/do.html.erb within layouts/application (0.2ms)
Completed 200 OK in 39ms (Views: 37.7ms | ActiveRecord: 0.0ms)


Started GET "/simulator/accelerate" for ::1 at 2016-02-19 16:26:16 -0800
Processing by SimulatorController#accelerate as HTML
Redirected to http://localhost:3000/simulator/do
Completed 302 Found in 1ms (ActiveRecord: 0.0ms)


Started GET "/simulator/do" for ::1 at 2016-02-19 16:26:16 -0800
Processing by SimulatorController#do as HTML
  Rendered simulator/do.html.erb within layouts/application (0.2ms)
Completed 200 OK in 66ms (Views: 64.3ms | ActiveRecord: 0.0ms)


Started GET "/simulator/accelerate" for ::1 at 2016-02-19 16:26:17 -0800
Processing by SimulatorController#accelerate as HTML
Redirected to http://localhost:3000/simulator/do
Completed 302 Found in 1ms (ActiveRecord: 0.0ms)


Started GET "/simulator/do" for ::1 at 2016-02-19 16:26:17 -0800
Processing by SimulatorController#do as HTML
  Rendered simulator/do.html.erb within layouts/application (0.4ms)
Completed 200 OK in 46ms (Views: 45.2ms | ActiveRecord: 0.0ms)


Started GET "/simulator/accelerate" for ::1 at 2016-02-19 16:26:17 -0800
Processing by SimulatorController#accelerate as HTML
Redirected to http://localhost:3000/simulator/do
Completed 302 Found in 1ms (ActiveRecord: 0.0ms)


Started GET "/simulator/do" for ::1 at 2016-02-19 16:26:17 -0800
Processing by SimulatorController#do as HTML
  Rendered simulator/do.html.erb within layouts/application (0.1ms)
Completed 200 OK in 45ms (Views: 43.9ms | ActiveRecord: 0.0ms)


Started GET "/simulator/accelerate" for ::1 at 2016-02-19 16:26:17 -0800
Processing by SimulatorController#accelerate as HTML
Redirected to http://localhost:3000/simulator/do
Completed 302 Found in 1ms (ActiveRecord: 0.0ms)


Started GET "/simulator/do" for ::1 at 2016-02-19 16:26:17 -0800
Processing by SimulatorController#do as HTML
  Rendered simulator/do.html.erb within layouts/application (0.1ms)
Completed 200 OK in 43ms (Views: 41.7ms | ActiveRecord: 0.0ms)


Started GET "/simulator/accelerate" for ::1 at 2016-02-19 16:26:18 -0800
Processing by SimulatorController#accelerate as HTML
Redirected to http://localhost:3000/simulator/do
Completed 302 Found in 1ms (ActiveRecord: 0.0ms)


Started GET "/simulator/do" for ::1 at 2016-02-19 16:26:18 -0800
Processing by SimulatorController#do as HTML
  Rendered simulator/do.html.erb within layouts/application (0.1ms)
Completed 200 OK in 34ms (Views: 32.8ms | ActiveRecord: 0.0ms)


Started GET "/simulator/parking_brake" for ::1 at 2016-02-19 16:26:19 -0800
Processing by SimulatorController#parking_brake as HTML
Redirected to http://localhost:3000/simulator/do
Completed 302 Found in 4ms (ActiveRecord: 0.0ms)


Started GET "/simulator/do" for ::1 at 2016-02-19 16:26:19 -0800
Processing by SimulatorController#do as HTML
  Rendered simulator/do.html.erb within layouts/application (0.1ms)
Completed 200 OK in 30ms (Views: 29.3ms | ActiveRecord: 0.0ms)


Started GET "/cars/new_car" for ::1 at 2016-02-19 16:26:38 -0800
Processing by CarsController#new_car as HTML
  Rendered cars/new_car.html.erb within layouts/application (0.1ms)
Completed 200 OK in 23ms (Views: 22.2ms | ActiveRecord: 0.0ms)
